<?xml version="1.0" encoding="UTF-8"?>
<!-- Generated by org.testng.reporters.JUnitXMLReporter -->
<testsuite hostname="DESKTOP-USC532Q" ignored="0" name="LoginTestcases" tests="5" failures="0" timestamp="2021-05-31T10:11:09 IST" time="24.668" errors="0">
  <testcase name="TestLoginWithInValidCrdentials" time="0.673" classname="QualityKiosksTraining.OrangeHRMTestCases.TestCases.InvalidLoginTestCases"/>
  <testcase name="TestLoginWithInValidCrdentials" time="0.515" classname="QualityKiosksTraining.OrangeHRMTestCases.TestCases.InvalidLoginTestCases"/>
  <testcase name="TestLoginWithInValidCrdentials" time="0.385" classname="QualityKiosksTraining.OrangeHRMTestCases.TestCases.InvalidLoginTestCases"/>
  <testcase name="TestLoginWithInValidCrdentials" time="1.272" classname="QualityKiosksTraining.OrangeHRMTestCases.TestCases.InvalidLoginTestCases"/>
  <testcase name="TestLoginWithValidCrdentials" time="4.692" classname="QualityKiosksTraining.OrangeHRMTestCases.TestCases.ValidLoginCredentialsTestcase"/>
</testsuite> <!-- LoginTestcases -->
