<?xml version="1.0" encoding="UTF-8"?>
<!-- Generated by org.testng.reporters.JUnitXMLReporter -->
<testsuite hostname="DESKTOP-USC532Q" ignored="0" name="LoginTestcases" tests="5" failures="0" timestamp="2021-05-31T09:34:21 IST" time="23.48" errors="0">
  <testcase name="TestLoginWithInValidCrdentials" time="1.001" classname="QualityKiosksTraining.OrangeHRMTestCases.TestCases.InvalidLoginTestCases"/>
  <testcase name="TestLoginWithInValidCrdentials" time="0.407" classname="QualityKiosksTraining.OrangeHRMTestCases.TestCases.InvalidLoginTestCases"/>
  <testcase name="TestLoginWithInValidCrdentials" time="0.314" classname="QualityKiosksTraining.OrangeHRMTestCases.TestCases.InvalidLoginTestCases"/>
  <testcase name="TestLoginWithInValidCrdentials" time="1.19" classname="QualityKiosksTraining.OrangeHRMTestCases.TestCases.InvalidLoginTestCases"/>
  <testcase name="TestLoginWithValidCrdentials" time="3.812" classname="QualityKiosksTraining.OrangeHRMTestCases.TestCases.ValidLoginCredentialsTestcase"/>
</testsuite> <!-- LoginTestcases -->
