<?xml version="1.0" encoding="UTF-8"?>
<testng-results skipped="0" failed="0" ignored="0" total="5" passed="5">
  <reporter-output>
  </reporter-output>
  <suite name="OrangeHRMDemoTestcases" duration-ms="24668" started-at="2021-05-31T10:10:44 IST" finished-at="2021-05-31T10:11:09 IST">
    <groups>
    </groups>
    <test name="LoginTestcases" duration-ms="24668" started-at="2021-05-31T10:10:44 IST" finished-at="2021-05-31T10:11:09 IST">
      <class name="QualityKiosksTraining.OrangeHRMTestCases.TestCases.InvalidLoginTestCases">
        <test-method status="PASS" signature="Init(java.lang.String)[pri:0, instance:QualityKiosksTraining.OrangeHRMTestCases.TestCases.InvalidLoginTestCases@4b4523f8]" name="Init" is-config="true" duration-ms="9046" started-at="2021-05-31T10:10:44 IST" finished-at="2021-05-31T10:10:53 IST">
          <params>
            <param index="0">
              <value>
                <![CDATA[CHROME]]>
              </value>
            </param>
          </params>
          <reporter-output>
          </reporter-output>
        </test-method> <!-- Init -->
        <test-method status="PASS" signature="TestLoginWithInValidCrdentials(java.lang.String,java.lang.String,java.lang.String)[pri:1, instance:QualityKiosksTraining.OrangeHRMTestCases.TestCases.InvalidLoginTestCases@4b4523f8]" name="TestLoginWithInValidCrdentials" duration-ms="673" started-at="2021-05-31T10:10:55 IST" data-provider="ProvideInvalidCredentialsFromExcel" finished-at="2021-05-31T10:10:55 IST">
          <params>
            <param index="0">
              <value>
                <![CDATA[Admin]]>
              </value>
            </param>
            <param index="1">
              <value>
                <![CDATA[]]>
              </value>
            </param>
            <param index="2">
              <value>
                <![CDATA[Password cannot be empty]]>
              </value>
            </param>
          </params>
          <reporter-output>
          </reporter-output>
        </test-method> <!-- TestLoginWithInValidCrdentials -->
        <test-method status="PASS" signature="TestLoginWithInValidCrdentials(java.lang.String,java.lang.String,java.lang.String)[pri:1, instance:QualityKiosksTraining.OrangeHRMTestCases.TestCases.InvalidLoginTestCases@4b4523f8]" name="TestLoginWithInValidCrdentials" duration-ms="515" started-at="2021-05-31T10:10:55 IST" data-provider="ProvideInvalidCredentialsFromExcel" finished-at="2021-05-31T10:10:56 IST">
          <params>
            <param index="0">
              <value>
                <![CDATA[]]>
              </value>
            </param>
            <param index="1">
              <value>
                <![CDATA[admin123]]>
              </value>
            </param>
            <param index="2">
              <value>
                <![CDATA[Username cannot be empty]]>
              </value>
            </param>
          </params>
          <reporter-output>
          </reporter-output>
        </test-method> <!-- TestLoginWithInValidCrdentials -->
        <test-method status="PASS" signature="TestLoginWithInValidCrdentials(java.lang.String,java.lang.String,java.lang.String)[pri:1, instance:QualityKiosksTraining.OrangeHRMTestCases.TestCases.InvalidLoginTestCases@4b4523f8]" name="TestLoginWithInValidCrdentials" duration-ms="385" started-at="2021-05-31T10:10:56 IST" data-provider="ProvideInvalidCredentialsFromExcel" finished-at="2021-05-31T10:10:56 IST">
          <params>
            <param index="0">
              <value>
                <![CDATA[]]>
              </value>
            </param>
            <param index="1">
              <value>
                <![CDATA[]]>
              </value>
            </param>
            <param index="2">
              <value>
                <![CDATA[Username cannot be empty]]>
              </value>
            </param>
          </params>
          <reporter-output>
          </reporter-output>
        </test-method> <!-- TestLoginWithInValidCrdentials -->
        <test-method status="PASS" signature="TestLoginWithInValidCrdentials(java.lang.String,java.lang.String,java.lang.String)[pri:1, instance:QualityKiosksTraining.OrangeHRMTestCases.TestCases.InvalidLoginTestCases@4b4523f8]" name="TestLoginWithInValidCrdentials" duration-ms="1272" started-at="2021-05-31T10:10:56 IST" data-provider="ProvideInvalidCredentialsFromExcel" finished-at="2021-05-31T10:10:57 IST">
          <params>
            <param index="0">
              <value>
                <![CDATA[Pranoday]]>
              </value>
            </param>
            <param index="1">
              <value>
                <![CDATA[Dingare]]>
              </value>
            </param>
            <param index="2">
              <value>
                <![CDATA[Invalid credentials]]>
              </value>
            </param>
          </params>
          <reporter-output>
          </reporter-output>
        </test-method> <!-- TestLoginWithInValidCrdentials -->
      </class> <!-- QualityKiosksTraining.OrangeHRMTestCases.TestCases.InvalidLoginTestCases -->
      <class name="QualityKiosksTraining.OrangeHRMTestCases.TestCases.ValidLoginCredentialsTestcase">
        <test-method status="PASS" signature="Init(java.lang.String)[pri:0, instance:QualityKiosksTraining.OrangeHRMTestCases.TestCases.ValidLoginCredentialsTestcase@6325a3ee]" name="Init" is-config="true" duration-ms="6684" started-at="2021-05-31T10:10:57 IST" finished-at="2021-05-31T10:11:04 IST">
          <params>
            <param index="0">
              <value>
                <![CDATA[CHROME]]>
              </value>
            </param>
          </params>
          <reporter-output>
          </reporter-output>
        </test-method> <!-- Init -->
        <test-method status="PASS" signature="TestLoginWithValidCrdentials()[pri:1, instance:QualityKiosksTraining.OrangeHRMTestCases.TestCases.ValidLoginCredentialsTestcase@6325a3ee]" name="TestLoginWithValidCrdentials" duration-ms="4692" started-at="2021-05-31T10:11:04 IST" finished-at="2021-05-31T10:11:09 IST">
          <reporter-output>
          </reporter-output>
        </test-method> <!-- TestLoginWithValidCrdentials -->
      </class> <!-- QualityKiosksTraining.OrangeHRMTestCases.TestCases.ValidLoginCredentialsTestcase -->
    </test> <!-- LoginTestcases -->
  </suite> <!-- OrangeHRMDemoTestcases -->
</testng-results>
