<?xml version="1.0" encoding="UTF-8"?>
<testng-results skipped="0" failed="0" ignored="0" total="5" passed="5">
  <reporter-output>
  </reporter-output>
  <suite name="OrangeHRMDemoTestcases" duration-ms="23480" started-at="2021-05-31T09:33:58 IST" finished-at="2021-05-31T09:34:21 IST">
    <groups>
    </groups>
    <test name="LoginTestcases" duration-ms="23480" started-at="2021-05-31T09:33:58 IST" finished-at="2021-05-31T09:34:21 IST">
      <class name="QualityKiosksTraining.OrangeHRMTestCases.TestCases.InvalidLoginTestCases">
        <test-method status="PASS" signature="Init(java.lang.String)[pri:0, instance:QualityKiosksTraining.OrangeHRMTestCases.TestCases.InvalidLoginTestCases@4b4523f8]" name="Init" is-config="true" duration-ms="8357" started-at="2021-05-31T09:33:58 IST" finished-at="2021-05-31T09:34:06 IST">
          <params>
            <param index="0">
              <value>
                <![CDATA[CHROME]]>
              </value>
            </param>
          </params>
          <reporter-output>
          </reporter-output>
        </test-method> <!-- Init -->
        <test-method status="PASS" signature="TestLoginWithInValidCrdentials(java.lang.String,java.lang.String,java.lang.String)[pri:1, instance:QualityKiosksTraining.OrangeHRMTestCases.TestCases.InvalidLoginTestCases@4b4523f8]" name="TestLoginWithInValidCrdentials" duration-ms="1001" started-at="2021-05-31T09:34:08 IST" data-provider="ProvideInvalidCredentialsFromExcel" finished-at="2021-05-31T09:34:09 IST">
          <params>
            <param index="0">
              <value>
                <![CDATA[Admin]]>
              </value>
            </param>
            <param index="1">
              <value>
                <![CDATA[]]>
              </value>
            </param>
            <param index="2">
              <value>
                <![CDATA[Password cannot be empty]]>
              </value>
            </param>
          </params>
          <reporter-output>
          </reporter-output>
        </test-method> <!-- TestLoginWithInValidCrdentials -->
        <test-method status="PASS" signature="TestLoginWithInValidCrdentials(java.lang.String,java.lang.String,java.lang.String)[pri:1, instance:QualityKiosksTraining.OrangeHRMTestCases.TestCases.InvalidLoginTestCases@4b4523f8]" name="TestLoginWithInValidCrdentials" duration-ms="407" started-at="2021-05-31T09:34:09 IST" data-provider="ProvideInvalidCredentialsFromExcel" finished-at="2021-05-31T09:34:10 IST">
          <params>
            <param index="0">
              <value>
                <![CDATA[]]>
              </value>
            </param>
            <param index="1">
              <value>
                <![CDATA[admin123]]>
              </value>
            </param>
            <param index="2">
              <value>
                <![CDATA[Username cannot be empty]]>
              </value>
            </param>
          </params>
          <reporter-output>
          </reporter-output>
        </test-method> <!-- TestLoginWithInValidCrdentials -->
        <test-method status="PASS" signature="TestLoginWithInValidCrdentials(java.lang.String,java.lang.String,java.lang.String)[pri:1, instance:QualityKiosksTraining.OrangeHRMTestCases.TestCases.InvalidLoginTestCases@4b4523f8]" name="TestLoginWithInValidCrdentials" duration-ms="314" started-at="2021-05-31T09:34:10 IST" data-provider="ProvideInvalidCredentialsFromExcel" finished-at="2021-05-31T09:34:10 IST">
          <params>
            <param index="0">
              <value>
                <![CDATA[]]>
              </value>
            </param>
            <param index="1">
              <value>
                <![CDATA[]]>
              </value>
            </param>
            <param index="2">
              <value>
                <![CDATA[Username cannot be empty]]>
              </value>
            </param>
          </params>
          <reporter-output>
          </reporter-output>
        </test-method> <!-- TestLoginWithInValidCrdentials -->
        <test-method status="PASS" signature="TestLoginWithInValidCrdentials(java.lang.String,java.lang.String,java.lang.String)[pri:1, instance:QualityKiosksTraining.OrangeHRMTestCases.TestCases.InvalidLoginTestCases@4b4523f8]" name="TestLoginWithInValidCrdentials" duration-ms="1190" started-at="2021-05-31T09:34:10 IST" data-provider="ProvideInvalidCredentialsFromExcel" finished-at="2021-05-31T09:34:11 IST">
          <params>
            <param index="0">
              <value>
                <![CDATA[Pranoday]]>
              </value>
            </param>
            <param index="1">
              <value>
                <![CDATA[Dingare]]>
              </value>
            </param>
            <param index="2">
              <value>
                <![CDATA[Invalid credentials]]>
              </value>
            </param>
          </params>
          <reporter-output>
          </reporter-output>
        </test-method> <!-- TestLoginWithInValidCrdentials -->
      </class> <!-- QualityKiosksTraining.OrangeHRMTestCases.TestCases.InvalidLoginTestCases -->
      <class name="QualityKiosksTraining.OrangeHRMTestCases.TestCases.ValidLoginCredentialsTestcase">
        <test-method status="PASS" signature="Init(java.lang.String)[pri:0, instance:QualityKiosksTraining.OrangeHRMTestCases.TestCases.ValidLoginCredentialsTestcase@6325a3ee]" name="Init" is-config="true" duration-ms="6474" started-at="2021-05-31T09:34:11 IST" finished-at="2021-05-31T09:34:18 IST">
          <params>
            <param index="0">
              <value>
                <![CDATA[CHROME]]>
              </value>
            </param>
          </params>
          <reporter-output>
          </reporter-output>
        </test-method> <!-- Init -->
        <test-method status="PASS" signature="TestLoginWithValidCrdentials()[pri:1, instance:QualityKiosksTraining.OrangeHRMTestCases.TestCases.ValidLoginCredentialsTestcase@6325a3ee]" name="TestLoginWithValidCrdentials" duration-ms="3812" started-at="2021-05-31T09:34:18 IST" finished-at="2021-05-31T09:34:21 IST">
          <reporter-output>
          </reporter-output>
        </test-method> <!-- TestLoginWithValidCrdentials -->
      </class> <!-- QualityKiosksTraining.OrangeHRMTestCases.TestCases.ValidLoginCredentialsTestcase -->
    </test> <!-- LoginTestcases -->
  </suite> <!-- OrangeHRMDemoTestcases -->
</testng-results>
